Determining if the pthread_create exist failed with the following output:
Change Dir: /home/bulat/CUDA3.1/CMakeFiles/CMakeTmp

Run Build Command:/usr/bin/make "cmTryCompileExec2599239549/fast"
/usr/bin/make -f CMakeFiles/cmTryCompileExec2599239549.dir/build.make CMakeFiles/cmTryCompileExec2599239549.dir/build
make[1]: Вход в каталог `/home/bulat/CUDA3/Projects/Task1/ros_workspace/videoStreamModelling/CMakeFiles/CMakeTmp'
/usr/bin/cmake -E cmake_progress_report /home/bulat/CUDA3.1/CMakeFiles/CMakeTmp/CMakeFiles 1
Building C object CMakeFiles/cmTryCompileExec2599239549.dir/CheckSymbolExists.c.o
/usr/bin/cc    -o CMakeFiles/cmTryCompileExec2599239549.dir/CheckSymbolExists.c.o   -c /home/bulat/CUDA3.1/CMakeFiles/CMakeTmp/CheckSymbolExists.c
Linking C executable cmTryCompileExec2599239549
/usr/bin/cmake -E cmake_link_script CMakeFiles/cmTryCompileExec2599239549.dir/link.txt --verbose=1
/usr/bin/cc       CMakeFiles/cmTryCompileExec2599239549.dir/CheckSymbolExists.c.o  -o cmTryCompileExec2599239549 -rdynamic 
CMakeFiles/cmTryCompileExec2599239549.dir/CheckSymbolExists.c.o: In function `main':
CheckSymbolExists.c:(.text+0x16): undefined reference to `pthread_create'
collect2: error: ld returned 1 exit status
make[1]: *** [cmTryCompileExec2599239549] Ошибка 1
make[1]: Выход из каталога `/home/bulat/CUDA3/Projects/Task1/ros_workspace/videoStreamModelling/CMakeFiles/CMakeTmp'
make: *** [cmTryCompileExec2599239549/fast] Ошибка 2

File /home/bulat/CUDA3.1/CMakeFiles/CMakeTmp/CheckSymbolExists.c:
/* */
#include <pthread.h>

int main(int argc, char** argv)
{
  (void)argv;
#ifndef pthread_create
  return ((int*)(&pthread_create))[argc];
#else
  (void)argc;
  return 0;
#endif
}

Determining if the function pthread_create exists in the pthreads failed with the following output:
Change Dir: /home/bulat/CUDA3.1/CMakeFiles/CMakeTmp

Run Build Command:/usr/bin/make "cmTryCompileExec421110230/fast"
/usr/bin/make -f CMakeFiles/cmTryCompileExec421110230.dir/build.make CMakeFiles/cmTryCompileExec421110230.dir/build
make[1]: Вход в каталог `/home/bulat/CUDA3/Projects/Task1/ros_workspace/videoStreamModelling/CMakeFiles/CMakeTmp'
/usr/bin/cmake -E cmake_progress_report /home/bulat/CUDA3.1/CMakeFiles/CMakeTmp/CMakeFiles 1
Building C object CMakeFiles/cmTryCompileExec421110230.dir/CheckFunctionExists.c.o
/usr/bin/cc   -DCHECK_FUNCTION_EXISTS=pthread_create   -o CMakeFiles/cmTryCompileExec421110230.dir/CheckFunctionExists.c.o   -c /usr/share/cmake-2.8/Modules/CheckFunctionExists.c
Linking C executable cmTryCompileExec421110230
/usr/bin/cmake -E cmake_link_script CMakeFiles/cmTryCompileExec421110230.dir/link.txt --verbose=1
/usr/bin/cc   -DCHECK_FUNCTION_EXISTS=pthread_create    CMakeFiles/cmTryCompileExec421110230.dir/CheckFunctionExists.c.o  -o cmTryCompileExec421110230 -rdynamic -lpthreads 
/usr/bin/ld: cannot find -lpthreads
collect2: error: ld returned 1 exit status
make[1]: *** [cmTryCompileExec421110230] Ошибка 1
make[1]: Выход из каталога `/home/bulat/CUDA3/Projects/Task1/ros_workspace/videoStreamModelling/CMakeFiles/CMakeTmp'
make: *** [cmTryCompileExec421110230/fast] Ошибка 2


